[10/21/15 19:03:45] [INFO] Reading configuration file /Users/dan/Library/Enthought/Canopy_64bit/User/lib/python2.7/site-packages/PsiTurk-2.1.2.dev0-py2.7.egg/psiturk/tunnel/ngrok-config
[10/21/15 19:03:45] [INFO] [client] Trusting root CAs: [assets/client/tls/ngrokroot.crt]
[10/21/15 19:03:45] [INFO] [view] [web] Serving web interface on 127.0.0.1:4040
[10/21/15 19:03:45] [EROR] Can't update: insufficient permissions: open /Users/dan/Library/Enthought/Canopy_64bit/User/lib/python2.7/site-packages/PsiTurk-2.1.2.dev0-py2.7.egg/psiturk/tunnel/.ngrok.new: permission denied
[10/21/15 19:03:45] [INFO] Checking for update
[10/21/15 19:03:45] [DEBG] [ctl:3f915b7d] New connection to: 173.236.137.204:4443
[10/21/15 19:03:45] [DEBG] [ctl:3f915b7d] Writing message: {"Type":"Auth","Payload":{"Version":"2","MmVersion":"1.6","User":"","Password":"","OS":"darwin","Arch":"amd64","ClientId":""}}
[10/21/15 19:03:45] [DEBG] [ctl:3f915b7d] Waiting to read message
[10/21/15 19:03:45] [DEBG] [ctl:3f915b7d] Reading message with length: 120
[10/21/15 19:03:45] [DEBG] [ctl:3f915b7d] Read message {"Type":"AuthResp","Payload":{"Version":"2","MmVersion":"1.6","ClientId":"6f7a264750cf25c19f6c9a6641e31806","Error":""}}
[10/21/15 19:03:45] [INFO] [client] Authenticated with server, client id: 6f7a264750cf25c19f6c9a6641e31806
[10/21/15 19:03:45] [DEBG] [ctl:3f915b7d] Writing message: {"Type":"ReqTunnel","Payload":{"ReqId":"388cac90b5092a5d","Protocol":"http+https","Hostname":"","Subdomain":"2nVUGsM8Y4oKQE5jWqraNL","HttpAuth":"","RemotePort":0}}
[10/21/15 19:03:45] [DEBG] [ctl:3f915b7d] Waiting to read message
[10/21/15 19:03:45] [DEBG] [ctl:3f915b7d] Reading message with length: 32
[10/21/15 19:03:45] [DEBG] [ctl:3f915b7d] Read message {"Type":"ReqProxy","Payload":{}}
[10/21/15 19:03:45] [DEBG] [ctl:3f915b7d] Waiting to read message
[10/21/15 19:03:45] [DEBG] [ctl:3f915b7d] Reading message with length: 150
[10/21/15 19:03:45] [DEBG] [ctl:3f915b7d] Read message {"Type":"NewTunnel","Payload":{"ReqId":"388cac90b5092a5d","Url":"http://2nvugsm8y4okqe5jwqranl.tunnel.psiturk.org:8000","Protocol":"http","Error":""}}
[10/21/15 19:03:45] [INFO] [client] Tunnel established at http://2nvugsm8y4okqe5jwqranl.tunnel.psiturk.org:8000
[10/21/15 19:03:45] [DEBG] [ctl:3f915b7d] Waiting to read message
[10/21/15 19:03:45] [DEBG] [ctl:3f915b7d] Reading message with length: 152
[10/21/15 19:03:45] [DEBG] [ctl:3f915b7d] Read message {"Type":"NewTunnel","Payload":{"ReqId":"388cac90b5092a5d","Url":"https://2nvugsm8y4okqe5jwqranl.tunnel.psiturk.org:8000","Protocol":"https","Error":""}}
[10/21/15 19:03:45] [INFO] [client] Tunnel established at https://2nvugsm8y4okqe5jwqranl.tunnel.psiturk.org:8000
[10/21/15 19:03:45] [DEBG] [ctl:3f915b7d] Waiting to read message
[10/21/15 19:03:45] [DEBG] [pxy:4dfcf793] New connection to: 173.236.137.204:4443
[10/21/15 19:03:45] [DEBG] [pxy:4dfcf793] Writing message: {"Type":"RegProxy","Payload":{"ClientId":"6f7a264750cf25c19f6c9a6641e31806"}}
[10/21/15 19:03:45] [INFO] No update available
[10/21/15 19:03:46] [DEBG] [pxy:4dfcf793] Waiting to read message
[10/21/15 19:03:50] [DEBG] [pxy:4dfcf793] Reading message with length: 130
[10/21/15 19:03:50] [DEBG] [pxy:4dfcf793] Read message {"Type":"StartProxy","Payload":{"Url":"http://2nvugsm8y4okqe5jwqranl.tunnel.psiturk.org:8000","ClientAddr":"171.64.40.127:58700"}}
[10/21/15 19:03:50] [DEBG] [prv:4047e5dc] New connection to: 127.0.0.1:5001
[10/21/15 19:03:50] [INFO] [prv:4047e5dc] Joined with connection pxy:4dfcf793
[10/21/15 19:03:50] [DEBG] [ctl:3f915b7d] Reading message with length: 32
[10/21/15 19:03:50] [DEBG] [ctl:3f915b7d] Read message {"Type":"ReqProxy","Payload":{}}
[10/21/15 19:03:50] [DEBG] [ctl:3f915b7d] Waiting to read message
[10/21/15 19:03:50] [DEBG] [prv:4047e5dc] Copied 909 bytes to pxy:4dfcf793
[10/21/15 19:03:50] [DEBG] [prv:4047e5dc] Closing
[10/21/15 19:03:50] [DEBG] [pxy:4dfcf793] Closing
[10/21/15 19:03:50] [WARN] [pxy:4dfcf793] Copied 371 bytes to prv:4047e5dc before failing with error read tcp 173.236.137.204:4443: use of closed network connection
[10/21/15 19:03:51] [DEBG] [pxy:7eb7fa12] New connection to: 173.236.137.204:4443
[10/21/15 19:03:51] [DEBG] [pxy:7eb7fa12] Writing message: {"Type":"RegProxy","Payload":{"ClientId":"6f7a264750cf25c19f6c9a6641e31806"}}
[10/21/15 19:03:51] [DEBG] [pxy:7eb7fa12] Waiting to read message
[10/21/15 19:03:51] [DEBG] [ctl:3f915b7d] Reading message with length: 32
[10/21/15 19:03:51] [DEBG] [ctl:3f915b7d] Read message {"Type":"ReqProxy","Payload":{}}
[10/21/15 19:03:51] [DEBG] [ctl:3f915b7d] Waiting to read message
[10/21/15 19:03:51] [DEBG] [ctl:3f915b7d] Reading message with length: 32
[10/21/15 19:03:51] [DEBG] [ctl:3f915b7d] Read message {"Type":"ReqProxy","Payload":{}}
[10/21/15 19:03:51] [DEBG] [ctl:3f915b7d] Waiting to read message
[10/21/15 19:03:51] [DEBG] [ctl:3f915b7d] Reading message with length: 32
[10/21/15 19:03:51] [DEBG] [ctl:3f915b7d] Read message {"Type":"ReqProxy","Payload":{}}
[10/21/15 19:03:51] [DEBG] [ctl:3f915b7d] Waiting to read message
[10/21/15 19:03:51] [DEBG] [pxy:7eb7fa12] Reading message with length: 130
[10/21/15 19:03:51] [DEBG] [pxy:7eb7fa12] Read message {"Type":"StartProxy","Payload":{"Url":"http://2nvugsm8y4okqe5jwqranl.tunnel.psiturk.org:8000","ClientAddr":"171.64.40.127:58703"}}
[10/21/15 19:03:51] [DEBG] [prv:335bc31d] New connection to: 127.0.0.1:5001
[10/21/15 19:03:51] [INFO] [prv:335bc31d] Joined with connection pxy:7eb7fa12
[10/21/15 19:03:51] [DEBG] [prv:335bc31d] Copied 100287 bytes to pxy:7eb7fa12
[10/21/15 19:03:51] [DEBG] [prv:335bc31d] Closing
[10/21/15 19:03:51] [DEBG] [pxy:7eb7fa12] Closing
[10/21/15 19:03:51] [WARN] [pxy:7eb7fa12] Copied 419 bytes to prv:335bc31d before failing with error read tcp 173.236.137.204:4443: use of closed network connection
[10/21/15 19:03:51] [DEBG] [pxy:69402edd] New connection to: 173.236.137.204:4443
[10/21/15 19:03:51] [DEBG] [pxy:69402edd] Writing message: {"Type":"RegProxy","Payload":{"ClientId":"6f7a264750cf25c19f6c9a6641e31806"}}
[10/21/15 19:03:51] [DEBG] [pxy:6b596fb9] New connection to: 173.236.137.204:4443
[10/21/15 19:03:51] [DEBG] [pxy:6b596fb9] Writing message: {"Type":"RegProxy","Payload":{"ClientId":"6f7a264750cf25c19f6c9a6641e31806"}}
[10/21/15 19:03:51] [DEBG] [pxy:2a536ec3] New connection to: 173.236.137.204:4443
[10/21/15 19:03:51] [DEBG] [pxy:2a536ec3] Writing message: {"Type":"RegProxy","Payload":{"ClientId":"6f7a264750cf25c19f6c9a6641e31806"}}
[10/21/15 19:03:51] [DEBG] [pxy:6b596fb9] Waiting to read message
[10/21/15 19:03:51] [DEBG] [pxy:69402edd] Waiting to read message
[10/21/15 19:03:51] [DEBG] [pxy:2a536ec3] Waiting to read message
[10/21/15 19:03:51] [DEBG] [ctl:3f915b7d] Reading message with length: 32
[10/21/15 19:03:51] [DEBG] [ctl:3f915b7d] Read message {"Type":"ReqProxy","Payload":{}}
[10/21/15 19:03:51] [DEBG] [ctl:3f915b7d] Waiting to read message
[10/21/15 19:03:51] [DEBG] [pxy:6b596fb9] Reading message with length: 130
[10/21/15 19:03:51] [DEBG] [pxy:6b596fb9] Read message {"Type":"StartProxy","Payload":{"Url":"http://2nvugsm8y4okqe5jwqranl.tunnel.psiturk.org:8000","ClientAddr":"171.64.40.127:58704"}}
[10/21/15 19:03:51] [DEBG] [prv:519fb7ab] New connection to: 127.0.0.1:5001
[10/21/15 19:03:51] [INFO] [prv:519fb7ab] Joined with connection pxy:6b596fb9
[10/21/15 19:03:51] [DEBG] [prv:519fb7ab] Copied 2031 bytes to pxy:6b596fb9
[10/21/15 19:03:51] [DEBG] [prv:519fb7ab] Closing
[10/21/15 19:03:51] [DEBG] [pxy:6b596fb9] Closing
[10/21/15 19:03:51] [WARN] [pxy:6b596fb9] Copied 411 bytes to prv:519fb7ab before failing with error read tcp 173.236.137.204:4443: use of closed network connection
[10/21/15 19:03:51] [DEBG] [pxy:4f48d436] New connection to: 173.236.137.204:4443
[10/21/15 19:03:51] [DEBG] [pxy:4f48d436] Writing message: {"Type":"RegProxy","Payload":{"ClientId":"6f7a264750cf25c19f6c9a6641e31806"}}
[10/21/15 19:03:51] [DEBG] [pxy:4f48d436] Waiting to read message
[10/21/15 19:03:51] [DEBG] [ctl:3f915b7d] Reading message with length: 32
[10/21/15 19:03:51] [DEBG] [ctl:3f915b7d] Read message {"Type":"ReqProxy","Payload":{}}
[10/21/15 19:03:51] [DEBG] [ctl:3f915b7d] Waiting to read message
[10/21/15 19:03:51] [DEBG] [pxy:69402edd] Reading message with length: 130
[10/21/15 19:03:51] [DEBG] [pxy:69402edd] Read message {"Type":"StartProxy","Payload":{"Url":"http://2nvugsm8y4okqe5jwqranl.tunnel.psiturk.org:8000","ClientAddr":"171.64.40.127:58705"}}
[10/21/15 19:03:51] [DEBG] [prv:79fe294a] New connection to: 127.0.0.1:5001
[10/21/15 19:03:51] [INFO] [prv:79fe294a] Joined with connection pxy:69402edd
[10/21/15 19:03:51] [DEBG] [prv:79fe294a] Copied 9049 bytes to pxy:69402edd
[10/21/15 19:03:51] [DEBG] [prv:79fe294a] Closing
[10/21/15 19:03:51] [DEBG] [pxy:69402edd] Closing
[10/21/15 19:03:51] [WARN] [pxy:69402edd] Copied 432 bytes to prv:79fe294a before failing with error read tcp 173.236.137.204:4443: use of closed network connection
[10/21/15 19:03:51] [DEBG] [pxy:684f2f5e] New connection to: 173.236.137.204:4443
[10/21/15 19:03:51] [DEBG] [pxy:684f2f5e] Writing message: {"Type":"RegProxy","Payload":{"ClientId":"6f7a264750cf25c19f6c9a6641e31806"}}
[10/21/15 19:03:51] [DEBG] [pxy:684f2f5e] Waiting to read message
[10/21/15 19:03:52] [DEBG] [ctl:3f915b7d] Reading message with length: 32
[10/21/15 19:03:52] [DEBG] [ctl:3f915b7d] Read message {"Type":"ReqProxy","Payload":{}}
[10/21/15 19:03:52] [DEBG] [ctl:3f915b7d] Waiting to read message
[10/21/15 19:03:52] [DEBG] [pxy:2a536ec3] Reading message with length: 130
[10/21/15 19:03:52] [DEBG] [pxy:2a536ec3] Read message {"Type":"StartProxy","Payload":{"Url":"http://2nvugsm8y4okqe5jwqranl.tunnel.psiturk.org:8000","ClientAddr":"171.64.40.127:58714"}}
[10/21/15 19:03:52] [DEBG] [prv:28ce089] New connection to: 127.0.0.1:5001
[10/21/15 19:03:52] [INFO] [prv:28ce089] Joined with connection pxy:2a536ec3
[10/21/15 19:03:52] [DEBG] [prv:28ce089] Copied 1463 bytes to pxy:2a536ec3
[10/21/15 19:03:52] [DEBG] [prv:28ce089] Closing
[10/21/15 19:03:52] [DEBG] [pxy:2a536ec3] Closing
[10/21/15 19:03:52] [WARN] [pxy:2a536ec3] Copied 352 bytes to prv:28ce089 before failing with error read tcp 173.236.137.204:4443: use of closed network connection
[10/21/15 19:03:52] [DEBG] [pxy:3b265096] New connection to: 173.236.137.204:4443
[10/21/15 19:03:52] [DEBG] [pxy:3b265096] Writing message: {"Type":"RegProxy","Payload":{"ClientId":"6f7a264750cf25c19f6c9a6641e31806"}}
[10/21/15 19:03:52] [DEBG] [pxy:3b265096] Waiting to read message
[10/21/15 19:03:54] [DEBG] [ctl:3f915b7d] Reading message with length: 32
[10/21/15 19:03:54] [DEBG] [ctl:3f915b7d] Read message {"Type":"ReqProxy","Payload":{}}
[10/21/15 19:03:54] [DEBG] [ctl:3f915b7d] Waiting to read message
[10/21/15 19:03:54] [DEBG] [pxy:4f48d436] Reading message with length: 130
[10/21/15 19:03:54] [DEBG] [pxy:4f48d436] Read message {"Type":"StartProxy","Payload":{"Url":"http://2nvugsm8y4okqe5jwqranl.tunnel.psiturk.org:8000","ClientAddr":"171.64.40.127:58715"}}
[10/21/15 19:03:54] [DEBG] [prv:38a88c55] New connection to: 127.0.0.1:5001
[10/21/15 19:03:54] [INFO] [prv:38a88c55] Joined with connection pxy:4f48d436
[10/21/15 19:03:54] [DEBG] [prv:38a88c55] Copied 1455 bytes to pxy:4f48d436
[10/21/15 19:03:54] [DEBG] [prv:38a88c55] Closing
[10/21/15 19:03:54] [DEBG] [pxy:4f48d436] Closing
[10/21/15 19:03:54] [WARN] [pxy:4f48d436] Copied 438 bytes to prv:38a88c55 before failing with error read tcp 173.236.137.204:4443: use of closed network connection
[10/21/15 19:03:54] [DEBG] [pxy:73ef4228] New connection to: 173.236.137.204:4443
[10/21/15 19:03:54] [DEBG] [pxy:73ef4228] Writing message: {"Type":"RegProxy","Payload":{"ClientId":"6f7a264750cf25c19f6c9a6641e31806"}}
[10/21/15 19:03:54] [DEBG] [pxy:73ef4228] Waiting to read message
[10/21/15 19:04:05] [DEBG] [ctl:3f915b7d] Writing message: {"Type":"Ping","Payload":{}}
[10/21/15 19:04:05] [DEBG] [ctl:3f915b7d] Reading message with length: 28
[10/21/15 19:04:05] [DEBG] [ctl:3f915b7d] Read message {"Type":"Pong","Payload":{}}
[10/21/15 19:04:05] [DEBG] [ctl:3f915b7d] Waiting to read message
[10/21/15 19:04:25] [DEBG] [ctl:3f915b7d] Writing message: {"Type":"Ping","Payload":{}}
[10/21/15 19:04:25] [DEBG] [ctl:3f915b7d] Reading message with length: 28
[10/21/15 19:04:25] [DEBG] [ctl:3f915b7d] Read message {"Type":"Pong","Payload":{}}
[10/21/15 19:04:25] [DEBG] [ctl:3f915b7d] Waiting to read message
[10/21/15 19:04:45] [DEBG] [ctl:3f915b7d] Writing message: {"Type":"Ping","Payload":{}}
[10/21/15 19:04:45] [DEBG] [ctl:3f915b7d] Reading message with length: 28
[10/21/15 19:04:45] [DEBG] [ctl:3f915b7d] Read message {"Type":"Pong","Payload":{}}
[10/21/15 19:04:45] [DEBG] [ctl:3f915b7d] Waiting to read message
[10/21/15 19:05:05] [DEBG] [ctl:3f915b7d] Writing message: {"Type":"Ping","Payload":{}}
[10/21/15 19:05:05] [DEBG] [ctl:3f915b7d] Reading message with length: 28
[10/21/15 19:05:05] [DEBG] [ctl:3f915b7d] Read message {"Type":"Pong","Payload":{}}
[10/21/15 19:05:05] [DEBG] [ctl:3f915b7d] Waiting to read message
[10/21/15 19:05:25] [DEBG] [ctl:3f915b7d] Writing message: {"Type":"Ping","Payload":{}}
[10/21/15 19:05:25] [DEBG] [ctl:3f915b7d] Reading message with length: 28
[10/21/15 19:05:25] [DEBG] [ctl:3f915b7d] Read message {"Type":"Pong","Payload":{}}
[10/21/15 19:05:25] [DEBG] [ctl:3f915b7d] Waiting to read message
[10/21/15 19:05:45] [DEBG] [ctl:3f915b7d] Writing message: {"Type":"Ping","Payload":{}}
[10/21/15 19:05:45] [DEBG] [ctl:3f915b7d] Reading message with length: 28
[10/21/15 19:05:45] [DEBG] [ctl:3f915b7d] Read message {"Type":"Pong","Payload":{}}
[10/21/15 19:05:45] [DEBG] [ctl:3f915b7d] Waiting to read message
[10/21/15 19:06:05] [DEBG] [ctl:3f915b7d] Writing message: {"Type":"Ping","Payload":{}}
[10/21/15 19:06:05] [DEBG] [ctl:3f915b7d] Reading message with length: 28
[10/21/15 19:06:05] [DEBG] [ctl:3f915b7d] Read message {"Type":"Pong","Payload":{}}
[10/21/15 19:06:05] [DEBG] [ctl:3f915b7d] Waiting to read message
[10/21/15 19:06:25] [DEBG] [ctl:3f915b7d] Writing message: {"Type":"Ping","Payload":{}}
[10/21/15 19:06:25] [DEBG] [ctl:3f915b7d] Reading message with length: 28
[10/21/15 19:06:25] [DEBG] [ctl:3f915b7d] Read message {"Type":"Pong","Payload":{}}
[10/21/15 19:06:25] [DEBG] [ctl:3f915b7d] Waiting to read message
[10/21/15 19:06:45] [DEBG] [ctl:3f915b7d] Writing message: {"Type":"Ping","Payload":{}}
[10/21/15 19:06:45] [DEBG] [ctl:3f915b7d] Reading message with length: 28
[10/21/15 19:06:45] [DEBG] [ctl:3f915b7d] Read message {"Type":"Pong","Payload":{}}
[10/21/15 19:06:45] [DEBG] [ctl:3f915b7d] Waiting to read message
[10/21/15 19:07:05] [DEBG] [ctl:3f915b7d] Writing message: {"Type":"Ping","Payload":{}}
[10/21/15 19:07:05] [DEBG] [ctl:3f915b7d] Reading message with length: 28
[10/21/15 19:07:05] [DEBG] [ctl:3f915b7d] Read message {"Type":"Pong","Payload":{}}
[10/21/15 19:07:05] [DEBG] [ctl:3f915b7d] Waiting to read message
[10/21/15 19:07:25] [DEBG] [ctl:3f915b7d] Writing message: {"Type":"Ping","Payload":{}}
[10/21/15 19:07:25] [DEBG] [ctl:3f915b7d] Reading message with length: 28
[10/21/15 19:07:25] [DEBG] [ctl:3f915b7d] Read message {"Type":"Pong","Payload":{}}
[10/21/15 19:07:25] [DEBG] [ctl:3f915b7d] Waiting to read message
[10/21/15 19:07:45] [DEBG] [ctl:3f915b7d] Writing message: {"Type":"Ping","Payload":{}}
[10/21/15 19:07:45] [DEBG] [ctl:3f915b7d] Reading message with length: 28
[10/21/15 19:07:45] [DEBG] [ctl:3f915b7d] Read message {"Type":"Pong","Payload":{}}
[10/21/15 19:07:45] [DEBG] [ctl:3f915b7d] Waiting to read message
[10/21/15 19:08:05] [DEBG] [ctl:3f915b7d] Writing message: {"Type":"Ping","Payload":{}}
[10/21/15 19:08:05] [DEBG] [ctl:3f915b7d] Reading message with length: 28
[10/21/15 19:08:05] [DEBG] [ctl:3f915b7d] Read message {"Type":"Pong","Payload":{}}
[10/21/15 19:08:05] [DEBG] [ctl:3f915b7d] Waiting to read message
[10/21/15 19:08:25] [DEBG] [ctl:3f915b7d] Writing message: {"Type":"Ping","Payload":{}}
[10/21/15 19:08:25] [DEBG] [ctl:3f915b7d] Reading message with length: 28
[10/21/15 19:08:25] [DEBG] [ctl:3f915b7d] Read message {"Type":"Pong","Payload":{}}
[10/21/15 19:08:25] [DEBG] [ctl:3f915b7d] Waiting to read message
